<?xml version="1.0" encoding="UTF-8"?>
<testng-results ignored="0" total="1" passed="1" failed="0" skipped="0">
  <reporter-output>
  </reporter-output>
  <suite started-at="2022-09-29T03:05:47Z" name="Default suite" finished-at="2022-09-29T03:05:47Z" duration-ms="79">
    <groups>
    </groups>
    <test started-at="2022-09-29T03:05:47Z" name="Default test" finished-at="2022-09-29T03:05:47Z" duration-ms="79">
      <class name="com.test.DemoTest">
        <test-method signature="test01()[pri:0, instance:com.test.DemoTest@404bbcbd]" started-at="2022-09-29T03:05:47Z" name="test01" finished-at="2022-09-29T03:05:47Z" duration-ms="25" status="PASS">
          <reporter-output>
          </reporter-output>
        </test-method> <!-- test01 -->
      </class> <!-- com.test.DemoTest -->
    </test> <!-- Default test -->
  </suite> <!-- Default suite -->
</testng-results>
