<?xml version="1.0" encoding="UTF-8"?>
<testng-results ignored="0" total="2" passed="2" failed="0" skipped="0">
  <reporter-output>
  </reporter-output>
  <suite started-at="2022-09-29T11:22:34Z" name="Default suite" finished-at="2022-09-29T11:22:34Z" duration-ms="97">
    <groups>
    </groups>
    <test started-at="2022-09-29T11:22:34Z" name="Default test" finished-at="2022-09-29T11:22:34Z" duration-ms="97">
      <class name="com.test.DemoTest">
        <test-method signature="test01()[pri:0, instance:com.test.DemoTest@404bbcbd]" started-at="2022-09-29T11:22:34Z" name="test01" finished-at="2022-09-29T11:22:34Z" duration-ms="36" status="PASS">
          <reporter-output>
          </reporter-output>
        </test-method> <!-- test01 -->
        <test-method signature="test02()[pri:0, instance:com.test.DemoTest@404bbcbd]" started-at="2022-09-29T11:22:34Z" name="test02" finished-at="2022-09-29T11:22:34Z" duration-ms="2" status="PASS">
          <reporter-output>
          </reporter-output>
        </test-method> <!-- test02 -->
      </class> <!-- com.test.DemoTest -->
    </test> <!-- Default test -->
  </suite> <!-- Default suite -->
</testng-results>
